<?xml version="1.0" encoding="UTF-8"?>
<testsuite name="ca.uvic.seng330.assn3.NonUIAcceptanceTests" tests="6" skipped="0" failures="0" errors="0" timestamp="2018-11-17T02:35:07" hostname="DESKTOP-89SUOGS" time="0.051">
  <properties/>
  <testcase name="testA_Users" classname="ca.uvic.seng330.assn3.NonUIAcceptanceTests" time="0.013"/>
  <testcase name="testB_Hub" classname="ca.uvic.seng330.assn3.NonUIAcceptanceTests" time="0.033"/>
  <testcase name="testE_Lightbulb" classname="ca.uvic.seng330.assn3.NonUIAcceptanceTests" time="0.0"/>
  <testcase name="testF_SmartPlug" classname="ca.uvic.seng330.assn3.NonUIAcceptanceTests" time="0.001"/>
  <testcase name="testD_Thermostat" classname="ca.uvic.seng330.assn3.NonUIAcceptanceTests" time="0.001"/>
  <testcase name="testC_Camera" classname="ca.uvic.seng330.assn3.NonUIAcceptanceTests" time="0.001"/>
  <system-out><![CDATA[{"device_id":"81764fb2-41e5-446b-b03a-9bb6f9e7b8c5","payload":"Camera (81764fb2-41e5-446b-b03a-9bb6f9e7b8c5) added","created_at":"Fri Nov 16 18:35:07 PST 2018","msg_id":"f7344110-799b-4f13-b909-e65f04d98b1b","status":"OFF"}
{"device_id":"0a1ba4e2-3ae7-4f09-8214-dfa7cad50bbd","payload":"Thermostat (0a1ba4e2-3ae7-4f09-8214-dfa7cad50bbd) added","created_at":"Fri Nov 16 18:35:07 PST 2018","msg_id":"92213fe8-ee06-45cd-b43e-ed16c4d62efa","status":"OFF"}
{"device_id":"b0ab913e-c6b9-44a3-8860-d2cc1daa0998","payload":"Lightbulb (b0ab913e-c6b9-44a3-8860-d2cc1daa0998) added","created_at":"Fri Nov 16 18:35:07 PST 2018","msg_id":"b2e694c4-7d55-491e-a7c0-8700cef237b9","status":"OFF"}
{"device_id":"77397940-6d22-40f6-8f68-d552486b675b","payload":"SmartPlug (77397940-6d22-40f6-8f68-d552486b675b) added","created_at":"Fri Nov 16 18:35:07 PST 2018","msg_id":"c672f64f-85f0-4688-bb93-8a60566fffbb","status":"OFF"}
{"device_id":"c5f6365d-8728-4802-9c48-e721b25988c6","payload":"SmartPlug (c5f6365d-8728-4802-9c48-e721b25988c6) added","created_at":"Fri Nov 16 18:35:07 PST 2018","msg_id":"8d0e6c3f-f461-4785-b414-e2db1c35f3be","status":"OFF"}
{"device_id":"f03656fa-c600-4104-9ca0-6d480afbfbb4","payload":"SmartPlug (f03656fa-c600-4104-9ca0-6d480afbfbb4) added","created_at":"Fri Nov 16 18:35:07 PST 2018","msg_id":"d1814030-dca0-45c6-8272-c31a00554fe3","status":"OFF"}
{"device_id":"77397940-6d22-40f6-8f68-d552486b675b","payload":"class ca.uvic.seng330.assn3.devices.SmartPlugModel (77397940-6d22-40f6-8f68-d552486b675b) is now operational","created_at":"Fri Nov 16 18:35:07 PST 2018","msg_id":"659e3c9d-f174-459c-a29b-7a88ccb9d3d4","status":"NORMAL"}
{"device_id":"c5f6365d-8728-4802-9c48-e721b25988c6","payload":"class ca.uvic.seng330.assn3.devices.SmartPlugModel (c5f6365d-8728-4802-9c48-e721b25988c6) is now operational","created_at":"Fri Nov 16 18:35:07 PST 2018","msg_id":"91b0dd0c-486e-44cd-becf-417d799d97b2","status":"NORMAL"}
{"device_id":"0a1ba4e2-3ae7-4f09-8214-dfa7cad50bbd","payload":"class ca.uvic.seng330.assn3.devices.ThermostatModel (0a1ba4e2-3ae7-4f09-8214-dfa7cad50bbd) is now operational","created_at":"Fri Nov 16 18:35:07 PST 2018","msg_id":"8c1c8cbf-e554-4910-b5c8-2db3ebef302d","status":"NORMAL"}
{"device_id":"f03656fa-c600-4104-9ca0-6d480afbfbb4","payload":"class ca.uvic.seng330.assn3.devices.SmartPlugModel (f03656fa-c600-4104-9ca0-6d480afbfbb4) is now operational","created_at":"Fri Nov 16 18:35:07 PST 2018","msg_id":"72f3e5ef-bcdd-42ba-84a0-5b9d65696c57","status":"NORMAL"}
{"device_id":"77397940-6d22-40f6-8f68-d552486b675b","payload":"class ca.uvic.seng330.assn3.devices.SmartPlugModel (77397940-6d22-40f6-8f68-d552486b675b) is no longer operational","created_at":"Fri Nov 16 18:35:07 PST 2018","msg_id":"5a018bff-800b-4282-a28d-d898375f6f16","status":"OFF"}
{"device_id":"c5f6365d-8728-4802-9c48-e721b25988c6","payload":"class ca.uvic.seng330.assn3.devices.SmartPlugModel (c5f6365d-8728-4802-9c48-e721b25988c6) is no longer operational","created_at":"Fri Nov 16 18:35:07 PST 2018","msg_id":"6344562b-b369-4978-a890-5fff83094781","status":"OFF"}
{"device_id":"0a1ba4e2-3ae7-4f09-8214-dfa7cad50bbd","payload":"class ca.uvic.seng330.assn3.devices.ThermostatModel (0a1ba4e2-3ae7-4f09-8214-dfa7cad50bbd) is no longer operational","created_at":"Fri Nov 16 18:35:07 PST 2018","msg_id":"a368b682-2942-4161-99f1-6ce465068715","status":"OFF"}
{"device_id":"f03656fa-c600-4104-9ca0-6d480afbfbb4","payload":"class ca.uvic.seng330.assn3.devices.SmartPlugModel (f03656fa-c600-4104-9ca0-6d480afbfbb4) is no longer operational","created_at":"Fri Nov 16 18:35:07 PST 2018","msg_id":"39b9409d-00cc-4431-9237-8cf884e7c8ee","status":"OFF"}
{"device_id":"9512ebff-98b9-44e0-8d80-4bdb278c6ef9","payload":"Lightbulb (9512ebff-98b9-44e0-8d80-4bdb278c6ef9) added","created_at":"Fri Nov 16 18:35:07 PST 2018","msg_id":"e536273d-9970-44dd-93f9-3fce581abb4e","status":"OFF"}
{"device_id":"058da271-90b3-4b54-b613-9b0e41d681e6","payload":"SmartPlug (058da271-90b3-4b54-b613-9b0e41d681e6) added","created_at":"Fri Nov 16 18:35:07 PST 2018","msg_id":"ec40f2df-e584-4ad4-ac38-39fedb158545","status":"OFF"}
{"device_id":"bf1002b4-452f-4a18-86d7-712f4867d416","payload":"Thermostat (bf1002b4-452f-4a18-86d7-712f4867d416) added","created_at":"Fri Nov 16 18:35:07 PST 2018","msg_id":"6d171f15-7121-466a-b146-ee9bf08b8194","status":"OFF"}
{"device_id":"5b5256d4-7cec-4584-8877-ad4d2d89e347","payload":"Camera (5b5256d4-7cec-4584-8877-ad4d2d89e347) added","created_at":"Fri Nov 16 18:35:07 PST 2018","msg_id":"013ddfc8-9968-41d3-8e25-e7babe6b6ff1","status":"OFF"}
{"device_id":"5b5256d4-7cec-4584-8877-ad4d2d89e347","payload":"Camera is full!","created_at":"Fri Nov 16 18:35:07 PST 2018","msg_id":"401cc9be-1184-4b88-b43e-11cb4e043ad2","status":"ERROR"}
]]></system-out>
  <system-err><![CDATA[]]></system-err>
</testsuite>
