<?xml version="1.0" encoding="UTF-8"?>
<testsuite name="ca.uvic.seng330.assn3.Template.ClickApplicationTest" tests="1" skipped="0" failures="0" errors="0" timestamp="2018-11-03T22:32:03" hostname="Seth-Laptop" time="1.022">
  <properties/>
  <testcase name="should_contain_button" classname="ca.uvic.seng330.assn3.Template.ClickApplicationTest" time="1.022"/>
  <system-out><![CDATA[]]></system-out>
  <system-err><![CDATA[]]></system-err>
</testsuite>
