<?xml version="1.0" encoding="UTF-8"?>
<testsuite name="ca.uvic.seng330.assn3.UIAcceptanceTests" tests="2" skipped="0" failures="0" errors="0" timestamp="2018-11-17T02:35:07" hostname="DESKTOP-89SUOGS" time="9.52">
  <properties/>
  <testcase name="test_camera_ui_functionality" classname="ca.uvic.seng330.assn3.UIAcceptanceTests" time="3.845"/>
  <testcase name="test_thermostat_ui_functionality" classname="ca.uvic.seng330.assn3.UIAcceptanceTests" time="5.675"/>
  <system-out><![CDATA[{"device_id":"d3c0a1f3-7dee-4e99-abd1-f9aa39d42a92","payload":"Camera (d3c0a1f3-7dee-4e99-abd1-f9aa39d42a92) added","created_at":"Fri Nov 16 18:35:08 PST 2018","msg_id":"228f38f4-664a-4b29-8a35-f15723227496","status":"OFF"}
{"device_id":"92e1c917-7d97-411d-aaaa-bc34185ab315","payload":"Camera (92e1c917-7d97-411d-aaaa-bc34185ab315) added","created_at":"Fri Nov 16 18:35:08 PST 2018","msg_id":"d8bfd432-5134-4cd8-920f-de0207fd7149","status":"OFF"}
{"device_id":"2bad4ef9-c55d-4443-aab6-fb198705da97","payload":"Camera (2bad4ef9-c55d-4443-aab6-fb198705da97) added","created_at":"Fri Nov 16 18:35:09 PST 2018","msg_id":"425e05b6-a405-4228-836d-66ba97ee0248","status":"OFF"}
{"device_id":"d3c0a1f3-7dee-4e99-abd1-f9aa39d42a92","payload":"Camera is full!","created_at":"Fri Nov 16 18:35:11 PST 2018","msg_id":"3c76bde7-c302-4173-88d4-e939454e2a28","status":"ERROR"}
{"device_id":"de87f062-fd75-4a79-9aa7-799ae8b43d04","payload":"Camera (de87f062-fd75-4a79-9aa7-799ae8b43d04) added","created_at":"Fri Nov 16 18:35:11 PST 2018","msg_id":"37e19f64-5c0a-4ddb-9c04-7631a3f657fb","status":"OFF"}
{"device_id":"521be685-dfac-4066-aa70-3e97046eb7ac","payload":"Camera (521be685-dfac-4066-aa70-3e97046eb7ac) added","created_at":"Fri Nov 16 18:35:11 PST 2018","msg_id":"c9d7eb93-1ef8-49cf-9bde-7237ad553489","status":"OFF"}
{"device_id":"ec011621-bfd5-4eac-9925-a4dc20b9a8b1","payload":"Thermostat (ec011621-bfd5-4eac-9925-a4dc20b9a8b1) added","created_at":"Fri Nov 16 18:35:11 PST 2018","msg_id":"7b44cd50-67e5-4262-a27f-2e5981ab668d","status":"OFF"}
]]></system-out>
  <system-err><![CDATA[Warning: entry too large
]]></system-err>
</testsuite>
