<?xml version="1.0" encoding="UTF-8"?>
<testsuite name="ca.uvic.seng330.assn3.DesktopPaneTest" tests="2" skipped="0" failures="0" errors="0" timestamp="2018-11-01T20:02:50" hostname="Seth-Laptop" time="2.694">
  <properties/>
  <testcase name="should_contain_button" classname="ca.uvic.seng330.assn3.DesktopPaneTest" time="1.63"/>
  <testcase name="should_contain_field" classname="ca.uvic.seng330.assn3.DesktopPaneTest" time="1.052"/>
  <system-out><![CDATA[]]></system-out>
  <system-err><![CDATA[]]></system-err>
</testsuite>
