<?xml version="1.0" encoding="UTF-8"?>
<testsuite name="ca.uvic.seng330.assn3.DesktopPaneTest" tests="2" skipped="0" failures="0" errors="0" timestamp="2018-11-01T22:29:05" hostname="Seth-Laptop" time="2.994">
  <properties/>
  <testcase name="should_contain_button" classname="ca.uvic.seng330.assn3.DesktopPaneTest" time="2.009"/>
  <testcase name="should_contain_field" classname="ca.uvic.seng330.assn3.DesktopPaneTest" time="0.985"/>
  <system-out><![CDATA[]]></system-out>
  <system-err><![CDATA[]]></system-err>
</testsuite>
